<?xml version="1.0" encoding="UTF-8"?>
<!-- Generated by org.testng.reporters.JUnitReportReporter -->
<testsuite hostname="Siddhesh" failures="0" tests="1" name="restAssuredTest.Tests_Get" time="2.462" errors="0" timestamp="2023-01-25T22:29:58 IST" skipped="0">
  <testcase classname="restAssuredTest.Tests_Get" name="test_get1" time="2.462"/>
  <system-out/>
</testsuite> <!-- restAssuredTest.Tests_Get -->
