<?xml version="1.0" encoding="UTF-8"?>
<!-- Generated by org.testng.reporters.JUnitReportReporter -->
<testsuite hostname="Siddhesh" failures="0" tests="1" name="restAssuredTest.RestAssured_Get" time="3.995" errors="0" timestamp="2023-01-21T11:34:39 IST" skipped="0">
  <testcase classname="restAssuredTest.RestAssured_Get" name="getTest" time="3.995"/>
  <system-out/>
</testsuite> <!-- restAssuredTest.RestAssured_Get -->
