<?xml version="1.0" encoding="UTF-8"?>
<!-- Generated by org.testng.reporters.JUnitReportReporter -->
<testsuite hostname="Siddhesh" failures="0" tests="1" name="restAssuredTest.RestAssuredStaticImport" time="6.240" errors="0" timestamp="2023-01-21T11:51:41 IST" skipped="0">
  <testcase classname="restAssuredTest.RestAssuredStaticImport" name="get2" time="6.240"/>
  <system-out/>
</testsuite> <!-- restAssuredTest.RestAssuredStaticImport -->
