<?xml version="1.0" encoding="UTF-8"?>
<!-- Generated by org.testng.reporters.JUnitReportReporter -->
<testsuite hostname="Siddhesh" failures="0" tests="1" name="restAssuredTest.Tests_Get" time="4.368" errors="0" timestamp="2023-01-24T23:20:54 IST" skipped="0">
  <testcase classname="restAssuredTest.Tests_Get" name="test_get2" time="4.368"/>
  <system-out/>
</testsuite> <!-- restAssuredTest.Tests_Get -->
