<?xml version="1.0" encoding="UTF-8"?>
<!-- Generated by org.testng.reporters.JUnitReportReporter -->
<testsuite hostname="Siddhesh" failures="0" tests="1" name="restAssuredTest.Examples_JSON_Local_Server" time="3.573" errors="0" timestamp="2023-01-22T19:49:51 IST" skipped="0">
  <testcase classname="restAssuredTest.Examples_JSON_Local_Server" name="json_get" time="3.573"/>
  <system-out/>
</testsuite> <!-- restAssuredTest.Examples_JSON_Local_Server -->
