<?xml version="1.0" encoding="UTF-8"?>
<!-- Generated by org.testng.reporters.JUnitReportReporter -->
<testsuite hostname="Siddhesh" failures="0" tests="2" name="restAssuredTest.DataDrivenExamples" time="3.546" errors="0" timestamp="2023-01-22T20:37:58 IST" skipped="0">
  <testcase classname="restAssuredTest.DataDrivenExamples" name="json_post" time="3.481"/>
  <system-out/>
  <testcase classname="restAssuredTest.DataDrivenExamples" name="json_post" time="0.065"/>
  <system-out/>
</testsuite> <!-- restAssuredTest.DataDrivenExamples -->
