<?xml version="1.0" encoding="UTF-8"?>
<!-- Generated by org.testng.reporters.JUnitReportReporter -->
<testsuite hostname="Siddhesh" failures="0" tests="1" name="restAssuredTest.Tests_Put" time="2.760" errors="0" timestamp="2023-01-21T12:45:43 IST" skipped="0">
  <testcase classname="restAssuredTest.Tests_Put" name="test_patch" time="2.760"/>
  <system-out/>
</testsuite> <!-- restAssuredTest.Tests_Put -->
