<?xml version="1.0" encoding="UTF-8"?>
<!-- Generated by org.testng.reporters.JUnitReportReporter -->
<testsuite hostname="Siddhesh" failures="0" tests="1" name="restAssuredTest.Tests_Put_Patch_Delete" time="3.643" errors="0" timestamp="2023-01-21T12:50:05 IST" skipped="0">
  <testcase classname="restAssuredTest.Tests_Put_Patch_Delete" name="test_delete" time="3.643"/>
  <system-out/>
</testsuite> <!-- restAssuredTest.Tests_Put_Patch_Delete -->
