<?xml version="1.0" encoding="UTF-8"?>
<!-- Generated by org.testng.reporters.JUnitReportReporter -->
<testsuite hostname="Siddhesh" failures="0" tests="1" name="restAssuredTest.Tests_Get" time="5.412" errors="0" timestamp="2023-01-21T12:13:56 IST" skipped="0">
  <testcase classname="restAssuredTest.Tests_Get" name="test_get2" time="5.412"/>
  <system-out/>
</testsuite> <!-- restAssuredTest.Tests_Get -->
