<?xml version="1.0" encoding="UTF-8"?>
<!-- Generated by org.testng.reporters.JUnitReportReporter -->
<testsuite hostname="Siddhesh" failures="0" tests="1" name="restAssuredTest.getBookDetails" time="5.468" errors="0" timestamp="2023-01-24T23:07:43 IST" skipped="0">
  <testcase classname="restAssuredTest.getBookDetails" name="getBookDetailsfromweb" time="5.468"/>
  <system-out/>
</testsuite> <!-- restAssuredTest.getBookDetails -->
