<?xml version="1.0" encoding="UTF-8"?>
<!-- Generated by org.testng.reporters.JUnitReportReporter -->
<testsuite hostname="Siddhesh" failures="0" tests="2" name="restAssuredTest.Tests_Post" time="5.085" errors="0" timestamp="2023-01-21T12:39:12 IST" skipped="0">
  <testcase classname="restAssuredTest.Tests_Post" name="post_test" time="0.033"/>
  <system-out/>
  <testcase classname="restAssuredTest.Tests_Post" name="post_test2" time="5.052"/>
  <system-out/>
</testsuite> <!-- restAssuredTest.Tests_Post -->
