<?xml version="1.0" encoding="UTF-8"?>
<!-- Generated by org.testng.reporters.JUnitReportReporter -->
<testsuite hostname="Siddhesh" failures="0" tests="5" name="restAssuredTest.DataDrivenUsingInheritance" time="3.294" errors="0" timestamp="2023-01-22T21:38:17 IST" skipped="0">
  <testcase classname="restAssuredTest.DataDrivenUsingInheritance" name="json_post_using_dataprovider" time="0.145"/>
  <system-out/>
  <testcase classname="restAssuredTest.DataDrivenUsingInheritance" name="json_post_using_dataprovider" time="0.068"/>
  <system-out/>
  <testcase classname="restAssuredTest.DataDrivenUsingInheritance" name="delete_using_testng_parameters" time="2.934"/>
  <system-out/>
  <testcase classname="restAssuredTest.DataDrivenUsingInheritance" name="json_post" time="0.076"/>
  <system-out/>
  <testcase classname="restAssuredTest.DataDrivenUsingInheritance" name="json_post" time="0.071"/>
  <system-out/>
</testsuite> <!-- restAssuredTest.DataDrivenUsingInheritance -->
