<?xml version="1.0" encoding="UTF-8"?>
<!-- Generated by org.testng.reporters.JUnitReportReporter -->
<testsuite hostname="Siddhesh" failures="0" tests="1" name="restAssuredTest.DataDrivenExamples" time="5.009" errors="0" timestamp="2023-01-22T21:45:09 IST" skipped="0">
  <testcase classname="restAssuredTest.DataDrivenExamples" name="json_delete_using_dataprovider" time="5.009"/>
  <system-out/>
</testsuite> <!-- restAssuredTest.DataDrivenExamples -->
